<?xml version="1.0" encoding="UTF-8"?>
<!-- Generated by org.testng.reporters.JUnitXMLReporter -->
<testsuite hostname="DESKTOP-GKA213I" ignored="2" name="TC-1.. Verify incorrect email validation message." tests="1" failures="0" timestamp="29 May 2022 11:53:28 GMT" time="84.896" errors="0">
  <testcase name="InvalidEmail" time="9.641" classname="com.index.SignUpIndex"/>
  <testcase name="EmailExist" time="0.0" classname="com.index.SignUpIndex">
    <ignored/>
  </testcase> <!-- EmailExist -->
  <testcase name="SucessfullySignUp" time="0.0" classname="com.index.SignUpIndex">
    <ignored/>
  </testcase> <!-- SucessfullySignUp -->
</testsuite> <!-- TC-1.. Verify incorrect email validation message. -->
