<?xml version="1.0" encoding="UTF-8"?>
<!-- Generated by org.testng.reporters.JUnitXMLReporter -->
<testsuite hostname="DESKTOP-GKA213I" ignored="2" name="TC-2. Verify email exist validation message." tests="1" failures="0" timestamp="29 May 2022 11:53:53 GMT" time="25.16" errors="0">
  <testcase name="EmailExist" time="11.764" classname="com.index.SignUpIndex"/>
  <testcase name="InvalidEmail" time="0.0" classname="com.index.SignUpIndex">
    <ignored/>
  </testcase> <!-- InvalidEmail -->
  <testcase name="SucessfullySignUp" time="0.0" classname="com.index.SignUpIndex">
    <ignored/>
  </testcase> <!-- SucessfullySignUp -->
</testsuite> <!-- TC-2. Verify email exist validation message. -->
