<?xml version="1.0" encoding="UTF-8"?>
<!-- Generated by org.testng.reporters.JUnitXMLReporter -->
<testsuite hostname="DESKTOP-GKA213I" ignored="2" name="TC-3. Verify &#039;Account created sucessfully validation message&#039;." tests="1" failures="0" timestamp="29 May 2022 11:55:07 GMT" time="73.867" errors="0">
  <testcase name="SucessfullySignUp" time="57.488" classname="com.index.SignUpIndex"/>
  <testcase name="InvalidEmail" time="0.0" classname="com.index.SignUpIndex">
    <ignored/>
  </testcase> <!-- InvalidEmail -->
  <testcase name="EmailExist" time="0.0" classname="com.index.SignUpIndex">
    <ignored/>
  </testcase> <!-- EmailExist -->
</testsuite> <!-- TC-3. Verify 'Account created sucessfully validation message'. -->
