<?xml version="1.0" encoding="UTF-8"?>
<!-- Generated by org.testng.reporters.JUnitXMLReporter -->
<testsuite hostname="DESKTOP-GKA213I" ignored="1" name="TC-1. Sign Up validation." tests="1" failures="0" timestamp="06 May 2022 04:47:04 GMT" time="24.329" errors="0">
  <testcase name="InvalidEmail" time="9.366" classname="com.index.SignUpIndex"/>
  <testcase name="EmailExist" time="0.0" classname="com.index.SignUpIndex">
    <ignored/>
  </testcase> <!-- EmailExist -->
</testsuite> <!-- TC-1. Sign Up validation. -->
