<?xml version="1.0" encoding="UTF-8"?>
<!-- Generated by org.testng.reporters.JUnitXMLReporter -->
<testsuite hostname="DESKTOP-GKA213I" ignored="1" name="TC-2. Sign Up validation." tests="1" failures="0" timestamp="06 May 2022 04:47:28 GMT" time="23.813" errors="0">
  <testcase name="EmailExist" time="9.21" classname="com.index.SignUpIndex"/>
  <testcase name="InvalidEmail" time="0.0" classname="com.index.SignUpIndex">
    <ignored/>
  </testcase> <!-- InvalidEmail -->
</testsuite> <!-- TC-2. Sign Up validation. -->
