<?xml version="1.0" encoding="UTF-8"?>
<testng-results skipped="0" failed="0" ignored="6" total="9" passed="3">
  <reporter-output>
    <line>
      <![CDATA[<br>current test- TC-1. Verify incorrect email validation message.]]>
    </line>
    <line>
      <![CDATA[Current Xml Suite is:---->Signup Test Cases]]>
    </line>
    <line>
      <![CDATA[<br>Step 1 : Verify incorrect email validation message.<br>]]>
    </line>
    <line>
      <![CDATA[<br>current test- TC-2. Verify email exist validation message.]]>
    </line>
    <line>
      <![CDATA[Current Xml Suite is:---->Signup Test Cases]]>
    </line>
    <line>
      <![CDATA[<br>Step 1 : Verify exist email validation message.<br>]]>
    </line>
    <line>
      <![CDATA[<br>current test- TC-3. Verify 'Account created sucessfully validation message'.]]>
    </line>
    <line>
      <![CDATA[Current Xml Suite is:---->Signup Test Cases]]>
    </line>
    <line>
      <![CDATA[<br>Step 1 : Verify 'Accout created sucessfully'validation message.<br>]]>
    </line>
  </reporter-output>
  <suite name="Signup Test Cases" duration-ms="121854" started-at="2022-05-06T06:09:05Z" finished-at="2022-05-06T06:11:07Z">
    <groups>
    </groups>
    <test name="TC-1. Verify incorrect email validation message." duration-ms="25770" started-at="2022-05-06T06:09:05Z" finished-at="2022-05-06T06:09:31Z">
      <class name="com.index.SignUpIndex">
        <test-method status="PASS" signature="one(org.testng.ITestContext)[pri:0, instance:com.index.SignUpIndex@13a3d88]" name="one" is-config="true" duration-ms="0" started-at="2022-05-06T06:09:05Z" finished-at="2022-05-06T06:09:05Z">
          <params>
            <param index="0">
              <value>
                <![CDATA[org.testng.TestRunner@27af16]]>
              </value>
            </param>
          </params>
          <reporter-output>
          </reporter-output>
        </test-method> <!-- one -->
        <test-method status="PASS" signature="setUp(java.lang.reflect.Method, org.testng.ITestContext)[pri:0, instance:com.index.SignUpIndex@13a3d88]" name="setUp" is-config="true" duration-ms="11216" started-at="2022-05-06T06:09:05Z" finished-at="2022-05-06T06:09:16Z">
          <params>
            <param index="0">
              <value>
                <![CDATA[public void com.index.SignUpIndex.InvalidEmail() throws java.lang.Exception]]>
              </value>
            </param>
            <param index="1">
              <value>
                <![CDATA[org.testng.TestRunner@27af16]]>
              </value>
            </param>
          </params>
          <reporter-output>
            <line>
              <![CDATA[<br>current test- TC-1. Verify incorrect email validation message.]]>
            </line>
            <line>
              <![CDATA[Current Xml Suite is:---->Signup Test Cases]]>
            </line>
          </reporter-output>
        </test-method> <!-- setUp -->
        <test-method status="PASS" signature="InvalidEmail()[pri:0, instance:com.index.SignUpIndex@13a3d88]" name="InvalidEmail" duration-ms="9689" started-at="2022-05-06T06:09:16Z" finished-at="2022-05-06T06:09:26Z">
          <reporter-output>
            <line>
              <![CDATA[<br>Step 1 : Verify incorrect email validation message.<br>]]>
            </line>
          </reporter-output>
        </test-method> <!-- InvalidEmail -->
        <test-method status="PASS" signature="tearDown(org.testng.ITestResult)[pri:0, instance:com.index.SignUpIndex@13a3d88]" name="tearDown" is-config="true" duration-ms="4845" started-at="2022-05-06T06:09:26Z" finished-at="2022-05-06T06:09:31Z">
          <params>
            <param index="0">
              <value>
                <![CDATA[[TestResult name=InvalidEmail status=SUCCESS method=SignUpIndex.InvalidEmail()[pri:0, instance:com.index.SignUpIndex@13a3d88] output=<br>Step 1 : Verify incorrect email validation message.<br>]]]>
              </value>
            </param>
          </params>
          <reporter-output>
          </reporter-output>
        </test-method> <!-- tearDown -->
      </class> <!-- com.index.SignUpIndex -->
    </test> <!-- TC-1. Verify incorrect email validation message. -->
    <test name="TC-2. Verify email exist validation message." duration-ms="27333" started-at="2022-05-06T06:09:31Z" finished-at="2022-05-06T06:09:58Z">
      <class name="com.index.SignUpIndex">
        <test-method status="PASS" signature="one(org.testng.ITestContext)[pri:0, instance:com.index.SignUpIndex@150c158]" name="one" is-config="true" duration-ms="1" started-at="2022-05-06T06:09:31Z" finished-at="2022-05-06T06:09:31Z">
          <params>
            <param index="0">
              <value>
                <![CDATA[org.testng.TestRunner@104476e]]>
              </value>
            </param>
          </params>
          <reporter-output>
          </reporter-output>
        </test-method> <!-- one -->
        <test-method status="PASS" signature="setUp(java.lang.reflect.Method, org.testng.ITestContext)[pri:0, instance:com.index.SignUpIndex@150c158]" name="setUp" is-config="true" duration-ms="10770" started-at="2022-05-06T06:09:31Z" finished-at="2022-05-06T06:09:42Z">
          <params>
            <param index="0">
              <value>
                <![CDATA[public void com.index.SignUpIndex.EmailExist() throws java.lang.InterruptedException]]>
              </value>
            </param>
            <param index="1">
              <value>
                <![CDATA[org.testng.TestRunner@104476e]]>
              </value>
            </param>
          </params>
          <reporter-output>
            <line>
              <![CDATA[<br>current test- TC-2. Verify email exist validation message.]]>
            </line>
            <line>
              <![CDATA[Current Xml Suite is:---->Signup Test Cases]]>
            </line>
          </reporter-output>
        </test-method> <!-- setUp -->
        <test-method status="PASS" signature="EmailExist()[pri:0, instance:com.index.SignUpIndex@150c158]" name="EmailExist" duration-ms="11699" started-at="2022-05-06T06:09:42Z" finished-at="2022-05-06T06:09:53Z">
          <reporter-output>
            <line>
              <![CDATA[<br>Step 1 : Verify exist email validation message.<br>]]>
            </line>
          </reporter-output>
        </test-method> <!-- EmailExist -->
        <test-method status="PASS" signature="tearDown(org.testng.ITestResult)[pri:0, instance:com.index.SignUpIndex@150c158]" name="tearDown" is-config="true" duration-ms="4857" started-at="2022-05-06T06:09:53Z" finished-at="2022-05-06T06:09:58Z">
          <params>
            <param index="0">
              <value>
                <![CDATA[[TestResult name=EmailExist status=SUCCESS method=SignUpIndex.EmailExist()[pri:0, instance:com.index.SignUpIndex@150c158] output=<br>Step 1 : Verify exist email validation message.<br>]]]>
              </value>
            </param>
          </params>
          <reporter-output>
          </reporter-output>
        </test-method> <!-- tearDown -->
      </class> <!-- com.index.SignUpIndex -->
    </test> <!-- TC-2. Verify email exist validation message. -->
    <test name="TC-3. Verify &#039;Account created sucessfully validation message&#039;." duration-ms="68700" started-at="2022-05-06T06:09:58Z" finished-at="2022-05-06T06:11:07Z">
      <class name="com.index.SignUpIndex">
        <test-method status="PASS" signature="fetchSuiteConfiguration(org.testng.ITestContext)[pri:0, instance:com.index.SignUpIndex@b21112]" name="fetchSuiteConfiguration" is-config="true" duration-ms="212" started-at="2022-05-06T06:09:05Z" finished-at="2022-05-06T06:09:05Z">
          <params>
            <param index="0">
              <value>
                <![CDATA[org.testng.TestRunner@2fad19]]>
              </value>
            </param>
          </params>
          <reporter-output>
          </reporter-output>
        </test-method> <!-- fetchSuiteConfiguration -->
        <test-method status="PASS" signature="one(org.testng.ITestContext)[pri:0, instance:com.index.SignUpIndex@b21112]" name="one" is-config="true" duration-ms="1" started-at="2022-05-06T06:09:58Z" finished-at="2022-05-06T06:09:58Z">
          <params>
            <param index="0">
              <value>
                <![CDATA[org.testng.TestRunner@2fad19]]>
              </value>
            </param>
          </params>
          <reporter-output>
          </reporter-output>
        </test-method> <!-- one -->
        <test-method status="PASS" signature="setUp(java.lang.reflect.Method, org.testng.ITestContext)[pri:0, instance:com.index.SignUpIndex@b21112]" name="setUp" is-config="true" duration-ms="10220" started-at="2022-05-06T06:09:58Z" finished-at="2022-05-06T06:10:08Z">
          <params>
            <param index="0">
              <value>
                <![CDATA[public void com.index.SignUpIndex.SucessfullySignUp() throws java.lang.InterruptedException]]>
              </value>
            </param>
            <param index="1">
              <value>
                <![CDATA[org.testng.TestRunner@2fad19]]>
              </value>
            </param>
          </params>
          <reporter-output>
            <line>
              <![CDATA[<br>current test- TC-3. Verify 'Account created sucessfully validation message'.]]>
            </line>
            <line>
              <![CDATA[Current Xml Suite is:---->Signup Test Cases]]>
            </line>
          </reporter-output>
        </test-method> <!-- setUp -->
        <test-method status="PASS" signature="SucessfullySignUp()[pri:0, instance:com.index.SignUpIndex@b21112]" name="SucessfullySignUp" duration-ms="57311" started-at="2022-05-06T06:10:08Z" finished-at="2022-05-06T06:11:06Z">
          <reporter-output>
            <line>
              <![CDATA[<br>Step 1 : Verify 'Accout created sucessfully'validation message.<br>]]>
            </line>
          </reporter-output>
        </test-method> <!-- SucessfullySignUp -->
        <test-method status="PASS" signature="tearDown(org.testng.ITestResult)[pri:0, instance:com.index.SignUpIndex@b21112]" name="tearDown" is-config="true" duration-ms="1164" started-at="2022-05-06T06:11:06Z" finished-at="2022-05-06T06:11:07Z">
          <params>
            <param index="0">
              <value>
                <![CDATA[[TestResult name=SucessfullySignUp status=SUCCESS method=SignUpIndex.SucessfullySignUp()[pri:0, instance:com.index.SignUpIndex@b21112] output=<br>Step 1 : Verify 'Accout created sucessfully'validation message.<br>]]]>
              </value>
            </param>
          </params>
          <reporter-output>
          </reporter-output>
        </test-method> <!-- tearDown -->
        <test-method status="PASS" signature="testResults()[pri:0, instance:com.index.SignUpIndex@b21112]" name="testResults" is-config="true" duration-ms="298" started-at="2022-05-06T06:11:07Z" finished-at="2022-05-06T06:11:07Z">
          <reporter-output>
          </reporter-output>
        </test-method> <!-- testResults -->
      </class> <!-- com.index.SignUpIndex -->
    </test> <!-- TC-3. Verify 'Account created sucessfully validation message'. -->
  </suite> <!-- Signup Test Cases -->
</testng-results>
