<?xml version="1.0" encoding="UTF-8"?>
<testng-results skipped="0" failed="0" total="3" passed="3">
  <reporter-output>
    <line>
      <![CDATA[<br>current test- TC-1.. Verify incorrect email validation message.]]>
    </line>
    <line>
      <![CDATA[Current Xml Suite is:---->Signup Test Cases]]>
    </line>
    <line>
      <![CDATA[<br>Step 1 : Verify incorrect email validation message.<br>]]>
    </line>
    <line>
      <![CDATA[<br>current test- TC-2. Verify email exist validation message.]]>
    </line>
    <line>
      <![CDATA[Current Xml Suite is:---->Signup Test Cases]]>
    </line>
    <line>
      <![CDATA[<br>Step 1 : Verify exist email validation message.<br>]]>
    </line>
    <line>
      <![CDATA[<br>current test- TC-3. Verify 'Account created sucessfully validation message'.]]>
    </line>
    <line>
      <![CDATA[Current Xml Suite is:---->Signup Test Cases]]>
    </line>
    <line>
      <![CDATA[<br>Step 1 : Verify 'Accout created sucessfully'validation message.<br>]]>
    </line>
  </reporter-output>
  <suite name="Signup Test Cases" duration-ms="225776" started-at="2022-05-07T05:23:42Z" finished-at="2022-05-07T05:27:28Z">
    <groups>
    </groups>
    <test name="TC-1.. Verify incorrect email validation message." duration-ms="61260" started-at="2022-05-07T05:23:42Z" finished-at="2022-05-07T05:24:44Z">
      <class name="com.index.SignUpIndex">
        <test-method status="PASS" signature="one(org.testng.ITestContext)[pri:0, instance:com.index.SignUpIndex@146e1f4]" name="one" is-config="true" duration-ms="0" started-at="2022-05-07T10:53:42Z" finished-at="2022-05-07T10:53:42Z">
          <params>
            <param index="0">
              <value>
                <![CDATA[org.testng.TestRunner@1f417a7]]>
              </value>
            </param>
          </params>
          <reporter-output>
          </reporter-output>
        </test-method> <!-- one -->
        <test-method status="PASS" signature="setUp(java.lang.reflect.Method, org.testng.ITestContext)[pri:0, instance:com.index.SignUpIndex@146e1f4]" name="setUp" is-config="true" duration-ms="47180" started-at="2022-05-07T10:53:42Z" finished-at="2022-05-07T10:54:30Z">
          <params>
            <param index="0">
              <value>
                <![CDATA[public void com.index.SignUpIndex.InvalidEmail() throws java.lang.Exception]]>
              </value>
            </param>
            <param index="1">
              <value>
                <![CDATA[org.testng.TestRunner@1f417a7]]>
              </value>
            </param>
          </params>
          <reporter-output>
            <line>
              <![CDATA[<br>current test- TC-1.. Verify incorrect email validation message.]]>
            </line>
            <line>
              <![CDATA[Current Xml Suite is:---->Signup Test Cases]]>
            </line>
          </reporter-output>
        </test-method> <!-- setUp -->
        <test-method status="PASS" signature="InvalidEmail()[pri:0, instance:com.index.SignUpIndex@146e1f4]" name="InvalidEmail" duration-ms="9264" started-at="2022-05-07T10:54:30Z" finished-at="2022-05-07T10:54:39Z">
          <reporter-output>
            <line>
              <![CDATA[<br>Step 1 : Verify incorrect email validation message.<br>]]>
            </line>
          </reporter-output>
        </test-method> <!-- InvalidEmail -->
        <test-method status="PASS" signature="tearDown(org.testng.ITestResult)[pri:0, instance:com.index.SignUpIndex@146e1f4]" name="tearDown" is-config="true" duration-ms="4793" started-at="2022-05-07T10:54:39Z" finished-at="2022-05-07T10:54:44Z">
          <params>
            <param index="0">
              <value>
                <![CDATA[[TestResult name=InvalidEmail status=SUCCESS method=SignUpIndex.InvalidEmail()[pri:0, instance:com.index.SignUpIndex@146e1f4] output=<br>Step 1 : Verify incorrect email validation message.<br>]]]>
              </value>
            </param>
          </params>
          <reporter-output>
          </reporter-output>
        </test-method> <!-- tearDown -->
      </class> <!-- com.index.SignUpIndex -->
    </test> <!-- TC-1.. Verify incorrect email validation message. -->
    <test name="TC-2. Verify email exist validation message." duration-ms="79561" started-at="2022-05-07T05:24:44Z" finished-at="2022-05-07T05:26:03Z">
      <class name="com.index.SignUpIndex">
        <test-method status="PASS" signature="one(org.testng.ITestContext)[pri:0, instance:com.index.SignUpIndex@e9a829]" name="one" is-config="true" duration-ms="0" started-at="2022-05-07T10:54:44Z" finished-at="2022-05-07T10:54:44Z">
          <params>
            <param index="0">
              <value>
                <![CDATA[org.testng.TestRunner@1078690]]>
              </value>
            </param>
          </params>
          <reporter-output>
          </reporter-output>
        </test-method> <!-- one -->
        <test-method status="PASS" signature="setUp(java.lang.reflect.Method, org.testng.ITestContext)[pri:0, instance:com.index.SignUpIndex@e9a829]" name="setUp" is-config="true" duration-ms="63044" started-at="2022-05-07T10:54:44Z" finished-at="2022-05-07T10:55:47Z">
          <params>
            <param index="0">
              <value>
                <![CDATA[public void com.index.SignUpIndex.EmailExist() throws java.lang.InterruptedException]]>
              </value>
            </param>
            <param index="1">
              <value>
                <![CDATA[org.testng.TestRunner@1078690]]>
              </value>
            </param>
          </params>
          <reporter-output>
            <line>
              <![CDATA[<br>current test- TC-2. Verify email exist validation message.]]>
            </line>
            <line>
              <![CDATA[Current Xml Suite is:---->Signup Test Cases]]>
            </line>
          </reporter-output>
        </test-method> <!-- setUp -->
        <test-method status="PASS" signature="EmailExist()[pri:0, instance:com.index.SignUpIndex@e9a829]" name="EmailExist" duration-ms="11720" started-at="2022-05-07T10:55:47Z" finished-at="2022-05-07T10:55:58Z">
          <reporter-output>
            <line>
              <![CDATA[<br>Step 1 : Verify exist email validation message.<br>]]>
            </line>
          </reporter-output>
        </test-method> <!-- EmailExist -->
        <test-method status="PASS" signature="tearDown(org.testng.ITestResult)[pri:0, instance:com.index.SignUpIndex@e9a829]" name="tearDown" is-config="true" duration-ms="4795" started-at="2022-05-07T10:55:58Z" finished-at="2022-05-07T10:56:03Z">
          <params>
            <param index="0">
              <value>
                <![CDATA[[TestResult name=EmailExist status=SUCCESS method=SignUpIndex.EmailExist()[pri:0, instance:com.index.SignUpIndex@e9a829] output=<br>Step 1 : Verify exist email validation message.<br>]]]>
              </value>
            </param>
          </params>
          <reporter-output>
          </reporter-output>
        </test-method> <!-- tearDown -->
      </class> <!-- com.index.SignUpIndex -->
    </test> <!-- TC-2. Verify email exist validation message. -->
    <test name="TC-3. Verify &#039;Account created sucessfully validation message&#039;." duration-ms="84930" started-at="2022-05-07T05:26:03Z" finished-at="2022-05-07T05:27:28Z">
      <class name="com.index.SignUpIndex">
        <test-method status="PASS" signature="fetchSuiteConfiguration(org.testng.ITestContext)[pri:0, instance:com.index.SignUpIndex@1375618]" name="fetchSuiteConfiguration" is-config="true" duration-ms="258" started-at="2022-05-07T10:53:42Z" finished-at="2022-05-07T10:53:42Z">
          <params>
            <param index="0">
              <value>
                <![CDATA[org.testng.TestRunner@b3ec38]]>
              </value>
            </param>
          </params>
          <reporter-output>
          </reporter-output>
        </test-method> <!-- fetchSuiteConfiguration -->
        <test-method status="PASS" signature="one(org.testng.ITestContext)[pri:0, instance:com.index.SignUpIndex@1375618]" name="one" is-config="true" duration-ms="0" started-at="2022-05-07T10:56:03Z" finished-at="2022-05-07T10:56:03Z">
          <params>
            <param index="0">
              <value>
                <![CDATA[org.testng.TestRunner@b3ec38]]>
              </value>
            </param>
          </params>
          <reporter-output>
          </reporter-output>
        </test-method> <!-- one -->
        <test-method status="PASS" signature="setUp(java.lang.reflect.Method, org.testng.ITestContext)[pri:0, instance:com.index.SignUpIndex@1375618]" name="setUp" is-config="true" duration-ms="27672" started-at="2022-05-07T10:56:03Z" finished-at="2022-05-07T10:56:31Z">
          <params>
            <param index="0">
              <value>
                <![CDATA[public void com.index.SignUpIndex.SucessfullySignUp() throws java.lang.InterruptedException]]>
              </value>
            </param>
            <param index="1">
              <value>
                <![CDATA[org.testng.TestRunner@b3ec38]]>
              </value>
            </param>
          </params>
          <reporter-output>
            <line>
              <![CDATA[<br>current test- TC-3. Verify 'Account created sucessfully validation message'.]]>
            </line>
            <line>
              <![CDATA[Current Xml Suite is:---->Signup Test Cases]]>
            </line>
          </reporter-output>
        </test-method> <!-- setUp -->
        <test-method status="PASS" signature="SucessfullySignUp()[pri:0, instance:com.index.SignUpIndex@1375618]" name="SucessfullySignUp" duration-ms="56510" started-at="2022-05-07T10:56:31Z" finished-at="2022-05-07T10:57:27Z">
          <reporter-output>
            <line>
              <![CDATA[<br>Step 1 : Verify 'Accout created sucessfully'validation message.<br>]]>
            </line>
          </reporter-output>
        </test-method> <!-- SucessfullySignUp -->
        <test-method status="PASS" signature="tearDown(org.testng.ITestResult)[pri:0, instance:com.index.SignUpIndex@1375618]" name="tearDown" is-config="true" duration-ms="744" started-at="2022-05-07T10:57:27Z" finished-at="2022-05-07T10:57:28Z">
          <params>
            <param index="0">
              <value>
                <![CDATA[[TestResult name=SucessfullySignUp status=SUCCESS method=SignUpIndex.SucessfullySignUp()[pri:0, instance:com.index.SignUpIndex@1375618] output=<br>Step 1 : Verify 'Accout created sucessfully'validation message.<br>]]]>
              </value>
            </param>
          </params>
          <reporter-output>
          </reporter-output>
        </test-method> <!-- tearDown -->
        <test-method status="PASS" signature="testResults()[pri:0, instance:com.index.SignUpIndex@1375618]" name="testResults" is-config="true" duration-ms="265" started-at="2022-05-07T10:57:28Z" finished-at="2022-05-07T10:57:28Z">
          <reporter-output>
          </reporter-output>
        </test-method> <!-- testResults -->
      </class> <!-- com.index.SignUpIndex -->
    </test> <!-- TC-3. Verify 'Account created sucessfully validation message'. -->
  </suite> <!-- Signup Test Cases -->
</testng-results>
